<?xml version="1.0" encoding="UTF-8"?>
<testsuite name="JUnit Jupiter" tests="2" skipped="0" failures="0" errors="0" time="0.074" hostname="MacBook-Pro-Nazarii.local" timestamp="2023-08-11T14:52:11">
<properties>
[...]
</properties>
<testcase name="subtractTest_success()" classname="ua.ithillel.test.tests.SimpleMathLibraryTest" time="0.001">
<system-out><![CDATA[
unique-id: [engine:junit-jupiter]/[class:ua.ithillel.test.SimpleMathLibraryTest]/[method:subtractTest_success()]
display-name: subtractTest_success()
]]></system-out>
</testcase>
<testcase name="addTest_success()" classname="ua.ithillel.test.tests.SimpleMathLibraryTest" time="0.023">
<system-out><![CDATA[
unique-id: [engine:junit-jupiter]/[class:ua.ithillel.test.SimpleMathLibraryTest]/[method:addTest_success()]
display-name: addTest_success()
]]></system-out>
</testcase>
<system-out><![CDATA[
unique-id: [engine:junit-jupiter]
display-name: JUnit Jupiter
]]></system-out>
</testsuite>
